


ARM Macro Assembler    Page 1 


    1 00000000                 AREA             |.flash_start|, CODE, READONLY 
 ,ALIGN=4
    2 00000000         
    3 00000000         Reset_Handler
                               PROC
    4 00000000                 EXPORT           Reset_Handler
    5 00000000                 IMPORT           __main
    6 00000000 484B            LDR              R0, =__main
    7 00000002 4700            BX               R0
    8 00000004                 ENDP
    9 00000004         
   10 00000004         
   11 00000004         hard_fault_handler
                               PROC
   12 00000004                 EXPORT           hard_fault_handler
   13 00000004 F7FF FFFE       bl               HARD_FAULT_IRQHandler
   14 00000008 E7FE            b                isr_ret
   15 0000000A                 ENDP
   16 0000000A         
   17 0000000A         svc_handler
                               PROC
   18 0000000A                 EXPORT           svc_handler
   19 0000000A F7FF FFFE       bl               SVC_IRQHandler
   20 0000000E E7FE            b                isr_ret
   21 00000010                 ENDP
   22 00000010         
   23 00000010         pendsv_handler
                               PROC
   24 00000010                 EXPORT           pendsv_handler
   25 00000010 F7FF FFFE       bl               PENDSV_IRQHandler
   26 00000014 E7FE            b                isr_ret
   27 00000016                 ENDP
   28 00000016         
   29 00000016         systick PROC
   30 00000016                 EXPORT           systick
   31 00000016 F7FF FFFE       bl               SYSTICK_IRQHandler
   32 0000001A E7FE            b                isr_ret
   33 0000001C                 ENDP
   34 0000001C         
   35 0000001C         irq0    PROC
   36 0000001C                 EXPORT           irq0
   37 0000001C 2000            movs             r0,#4*0
   38 0000001E E7FE            b                isr
   39 00000020                 ENDP
   40 00000020         
   41 00000020         irq1    PROC
   42 00000020                 EXPORT           irq1
   43 00000020 2004            movs             r0,#4*1
   44 00000022 E7FE            b                isr
   45 00000024                 ENDP
   46 00000024         
   47 00000024         irq2    PROC
   48 00000024                 EXPORT           irq2
   49 00000024 2008            movs             r0,#4*2
   50 00000026 E7FE            b                isr
   51 00000028                 ENDP
   52 00000028         
   53 00000028         irq3    PROC
   54 00000028                 EXPORT           irq3



ARM Macro Assembler    Page 2 


   55 00000028 200C            movs             r0,#4*3
   56 0000002A E7FE            b                isr
   57 0000002C                 ENDP
   58 0000002C         
   59 0000002C         irq4    PROC
   60 0000002C                 EXPORT           irq4
   61 0000002C 2010            movs             r0,#4*4
   62 0000002E E7FE            b                isr
   63 00000030                 ENDP
   64 00000030         
   65 00000030         irq5    PROC
   66 00000030                 EXPORT           irq5
   67 00000030 2014            movs             r0,#4*5
   68 00000032 E7FE            b                isr
   69 00000034                 ENDP
   70 00000034         
   71 00000034         irq6    PROC
   72 00000034                 EXPORT           irq6
   73 00000034 2018            movs             r0,#4*6
   74 00000036 E7FE            b                isr
   75 00000038                 ENDP
   76 00000038         
   77 00000038         irq7    PROC
   78 00000038                 EXPORT           irq7
   79 00000038 201C            movs             r0,#4*7
   80 0000003A E7FE            b                isr
   81 0000003C                 ENDP
   82 0000003C         
   83 0000003C         irq8    PROC
   84 0000003C                 EXPORT           irq8
   85 0000003C 2020            movs             r0,#4*8
   86 0000003E E7FE            b                isr
   87 00000040                 ENDP
   88 00000040         
   89 00000040         irq9    PROC
   90 00000040                 EXPORT           irq9
   91 00000040 2024            movs             r0,#4*9
   92 00000042 E7FE            b                isr
   93 00000044                 ENDP
   94 00000044         
   95 00000044         irq10   PROC
   96 00000044                 EXPORT           irq10
   97 00000044 2028            movs             r0,#4*10
   98 00000046 E7FE            b                isr
   99 00000048                 ENDP
  100 00000048         
  101 00000048         irq11   PROC
  102 00000048                 EXPORT           irq11
  103 00000048 202C            movs             r0,#4*11
  104 0000004A E7FE            b                isr
  105 0000004C                 ENDP
  106 0000004C         
  107 0000004C         irq12   PROC
  108 0000004C                 EXPORT           irq12
  109 0000004C 2030            movs             r0,#4*12
  110 0000004E E7FE            b                isr
  111 00000050                 ENDP
  112 00000050         
  113 00000050         irq13   PROC



ARM Macro Assembler    Page 3 


  114 00000050                 EXPORT           irq13
  115 00000050 2034            movs             r0,#4*13
  116 00000052 E7FE            b                isr
  117 00000054                 ENDP
  118 00000054         
  119 00000054         irq14   PROC
  120 00000054                 EXPORT           irq14
  121 00000054 2038            movs             r0,#4*14
  122 00000056 E7FE            b                isr
  123 00000058                 ENDP
  124 00000058         
  125 00000058         irq15   PROC
  126 00000058                 EXPORT           irq15
  127 00000058 203C            movs             r0,#4*15
  128 0000005A E7FE            b                isr
  129 0000005C                 ENDP
  130 0000005C         
  131 0000005C         irq16   PROC
  132 0000005C                 EXPORT           irq16
  133 0000005C 2040            movs             r0,#4*16
  134 0000005E E7FE            b                isr
  135 00000060                 ENDP
  136 00000060         
  137 00000060         irq17   PROC
  138 00000060                 EXPORT           irq17
  139 00000060 2044            movs             r0,#4*17
  140 00000062 E7FE            b                isr
  141 00000064                 ENDP
  142 00000064         
  143 00000064         irq18   PROC
  144 00000064                 EXPORT           irq18
  145 00000064 2048            movs             r0,#4*18
  146 00000066 E7FE            b                isr
  147 00000068                 ENDP
  148 00000068         
  149 00000068         irq19   PROC
  150 00000068                 EXPORT           irq19
  151 00000068 204C            movs             r0,#4*19
  152 0000006A E7FE            b                isr
  153 0000006C                 ENDP
  154 0000006C         
  155 0000006C         irq20   PROC
  156 0000006C                 EXPORT           irq20
  157 0000006C 2050            movs             r0,#4*20
  158 0000006E E7FE            b                isr
  159 00000070                 ENDP
  160 00000070         
  161 00000070         irq21   PROC
  162 00000070                 EXPORT           irq21
  163 00000070 2054            movs             r0,#4*21
  164 00000072 E7FE            b                isr
  165 00000074                 ENDP
  166 00000074         
  167 00000074         irq22   PROC
  168 00000074                 EXPORT           irq22
  169 00000074 2058            movs             r0,#4*22
  170 00000076 E7FE            b                isr
  171 00000078                 ENDP
  172 00000078         



ARM Macro Assembler    Page 4 


  173 00000078         irq23   PROC
  174 00000078                 EXPORT           irq23
  175 00000078 205C            movs             r0,#4*23
  176 0000007A E7FE            b                isr
  177 0000007C                 ENDP
  178 0000007C         
  179 0000007C         irq24   PROC
  180 0000007C                 EXPORT           irq24
  181 0000007C 2060            movs             r0,#4*24
  182 0000007E E7FE            b                isr
  183 00000080                 ENDP
  184 00000080         
  185 00000080         irq25   PROC
  186 00000080                 EXPORT           irq25
  187 00000080 2064            movs             r0,#4*25
  188 00000082 E7FE            b                isr
  189 00000084                 ENDP
  190 00000084         
  191 00000084         irq26   PROC
  192 00000084                 EXPORT           irq26
  193 00000084 2068            movs             r0,#4*26
  194 00000086 E7FE            b                isr
  195 00000088                 ENDP
  196 00000088         
  197 00000088         irq27   PROC
  198 00000088                 EXPORT           irq27
  199 00000088 206C            movs             r0,#4*27
  200 0000008A E7FE            b                isr
  201 0000008C                 ENDP
  202 0000008C         
  203 0000008C         irq28   PROC
  204 0000008C                 EXPORT           irq28
  205 0000008C 2070            movs             r0,#4*28
  206 0000008E E7FE            b                isr
  207 00000090                 ENDP
  208 00000090         
  209 00000090         irq29   PROC
  210 00000090                 EXPORT           irq29
  211 00000090 2074            movs             r0,#4*29
  212 00000092 E7FE            b                isr
  213 00000094                 ENDP
  214 00000094         
  215 00000094         irq30   PROC
  216 00000094                 EXPORT           irq30
  217 00000094 2078            movs             r0,#4*30
  218 00000096 E7FE            b                isr
  219 00000098                 ENDP
  220 00000098         
  221 00000098         irq31   PROC
  222 00000098                 EXPORT           irq31
  223 00000098 207C            movs             r0,#4*31
  224 0000009A E7FE            b                isr
  225 0000009C                 ENDP
  226 0000009C         
  227 0000009C         
  228 0000009C         isr     PROC
  229 0000009C 4925            ldr              r1,=isr_table
  230 0000009E 5840            ldr              r0,[r0, r1]
  231 000000A0 4700            bx               r0



ARM Macro Assembler    Page 5 


  232 000000A2                 ENDP
  233 000000A2         
  234 000000A2         isr_ret PROC
  235 000000A2 2000            movs             r0,#0
  236 000000A4 3807            subs             r0,#7
  237 000000A6 4686            mov              lr,r0
  238 000000A8 4770            bx               lr
  239 000000AA                 ENDP
  240 000000AA         
  241 000000AA         
  242 000000AA 00 00           ALIGN
  243 000000AC         NMI_IRQHandler
                               PROC
  244 000000AC                 EXPORT           NMI_IRQHandler    [WEAK]
  245 000000AC E7FE            B                .
  246 000000AE                 ENDP
  247 000000AE         
  248 000000AE         HARD_FAULT_IRQHandler
                               PROC
  249 000000AE                 EXPORT           HARD_FAULT_IRQHandler  [WEAK]
  250 000000AE E7FE            B                .
  251 000000B0                 ENDP
  252 000000B0         
  253 000000B0         SVC_IRQHandler
                               PROC
  254 000000B0                 EXPORT           SVC_IRQHandler    [WEAK]
  255 000000B0 E7FE            B                .
  256 000000B2                 ENDP
  257 000000B2         
  258 000000B2         PENDSV_IRQHandler
                               PROC
  259 000000B2                 EXPORT           PENDSV_IRQHandler   [WEAK]
  260 000000B2 E7FE            B                .
  261 000000B4                 ENDP
  262 000000B4         
  263 000000B4         SYSTICK_IRQHandler
                               PROC
  264 000000B4                 EXPORT           SYSTICK_IRQHandler   [WEAK]
  265 000000B4 E7FE            B                .
  266 000000B6                 ENDP
  267 000000B6         
  268 000000B6         EXTI0_IRQHandler
                               PROC
  269 000000B6                 EXPORT           EXTI0_IRQHandler   [WEAK]
  270 000000B6 E7FE            B                .
  271 000000B8                 ENDP
  272 000000B8         
  273 000000B8         EXTI1_IRQHandler
                               PROC
  274 000000B8                 EXPORT           EXTI1_IRQHandler   [WEAK]
  275 000000B8 E7FE            B                .
  276 000000BA                 ENDP
  277 000000BA         
  278 000000BA         EXTI2_IRQHandler
                               PROC
  279 000000BA                 EXPORT           EXTI2_IRQHandler   [WEAK]
  280 000000BA E7FE            B                .
  281 000000BC                 ENDP
  282 000000BC         



ARM Macro Assembler    Page 6 


  283 000000BC         EXTI3_IRQHandler
                               PROC
  284 000000BC                 EXPORT           EXTI3_IRQHandler   [WEAK]
  285 000000BC E7FE            B                .
  286 000000BE                 ENDP
  287 000000BE         
  288 000000BE         EXTI4_IRQHandler
                               PROC
  289 000000BE                 EXPORT           EXTI4_IRQHandler   [WEAK]
  290 000000BE E7FE            B                .
  291 000000C0                 ENDP
  292 000000C0         
  293 000000C0         EXTI5_IRQHandler
                               PROC
  294 000000C0                 EXPORT           EXTI5_IRQHandler   [WEAK]
  295 000000C0 E7FE            B                .
  296 000000C2                 ENDP
  297 000000C2         
  298 000000C2         Default_Handler
                               PROC
  299 000000C2         ; ToDo:  Add here the export definition for the device s
                       pecific external interrupts handler
  300 000000C2                 EXPORT           USB_IRQHandler   [WEAK]
  301 000000C2                 EXPORT           IIC_IRQHandler    [WEAK]
  302 000000C2                 EXPORT           QSPI_IRQHandler   [WEAK]
  303 000000C2                 EXPORT           SPI0_IRQHandler   [WEAK]
  304 000000C2                 EXPORT           SPI1_IRQHandler   [WEAK]
  305 000000C2                 EXPORT           UART0_IRQHandler  [WEAK]
  306 000000C2                 EXPORT           UART1_IRQHandler  [WEAK]
  307 000000C2                 EXPORT           MEMCP_IRQHandler  [WEAK]
  308 000000C2                 EXPORT           RSA_IRQHandler    [WEAK]
  309 000000C2                 EXPORT           SCI0_IRQHandler   [WEAK]
  310 000000C2                 EXPORT           SCI1_IRQHandler   [WEAK]
  311 000000C2                 EXPORT           BT_IRQHandler   [WEAK]
  312 000000C2                 EXPORT           GPIO_IRQHandler     [WEAK]
  313 000000C2                 EXPORT           TIMER0_IRQHandler [WEAK]
  314 000000C2                 EXPORT           TIMER1_IRQHandler [WEAK]
  315 000000C2                 EXPORT           TIMER2_IRQHandler [WEAK]
  316 000000C2                 EXPORT           TIMER3_IRQHandler [WEAK]
  317 000000C2                 EXPORT           TIMER4_IRQHandler [WEAK]
  318 000000C2                 EXPORT           TIMER5_IRQHandler [WEAK]
  319 000000C2                 EXPORT           TIMER6_IRQHandler [WEAK]
  320 000000C2                 EXPORT           TIMER7_IRQHandler [WEAK]
  321 000000C2                 EXPORT           TIMER8_IRQHandler  [WEAK]
  322 000000C2                 EXPORT           SM4_IRQHandler    [WEAK]
  323 000000C2                 EXPORT           SEC_IRQHandler  [WEAK]
  324 000000C2                 EXPORT           MSR_IRQHandler  [WEAK]
  325 000000C2                 EXPORT           TRNG_IRQHandler  [WEAK]
  326 000000C2                 EXPORT           WDT_IRQHandler  [WEAK]
  327 000000C2         
  328 000000C2         ; ToDo:  Add here the names for the device specific exte
                       rnal interrupts handler
  329 000000C2         USB_IRQHandler
  330 000000C2         IIC_IRQHandler
  331 000000C2         QSPI_IRQHandler
  332 000000C2         SPI0_IRQHandler
  333 000000C2         SPI1_IRQHandler
  334 000000C2         UART0_IRQHandler
  335 000000C2         UART1_IRQHandler



ARM Macro Assembler    Page 7 


  336 000000C2         MEMCP_IRQHandler
  337 000000C2         RSA_IRQHandler
  338 000000C2         SCI0_IRQHandler
  339 000000C2         SCI1_IRQHandler
  340 000000C2         BT_IRQHandler
  341 000000C2         GPIO_IRQHandler
  342 000000C2         TIMER0_IRQHandler
  343 000000C2         TIMER1_IRQHandler
  344 000000C2         TIMER2_IRQHandler
  345 000000C2         TIMER3_IRQHandler
  346 000000C2         TIMER4_IRQHandler
  347 000000C2         TIMER5_IRQHandler
  348 000000C2         TIMER6_IRQHandler
  349 000000C2         TIMER7_IRQHandler
  350 000000C2         TIMER8_IRQHandler
  351 000000C2         SM4_IRQHandler
  352 000000C2         SEC_IRQHandler
  353 000000C2         MSR_IRQHandler
  354 000000C2         TRNG_IRQHandler
  355 000000C2         WDT_IRQHandler
  356 000000C2 E7FE            B                .
  357 000000C4                 ENDP
  358 000000C4         
  359 000000C4         
  360 000000C4         
  361 000000C4                 EXPORT           isr_table
  362 000000C4 00000000 
                       isr_table
                               DCD              USB_IRQHandler
  363 000000C8 00000000        DCD              IIC_IRQHandler
  364 000000CC 00000000        DCD              QSPI_IRQHandler
  365 000000D0 00000000        DCD              SPI0_IRQHandler
  366 000000D4 00000000        DCD              SPI1_IRQHandler
  367 000000D8 00000000        DCD              UART0_IRQHandler
  368 000000DC 00000000        DCD              UART1_IRQHandler
  369 000000E0 00000000        DCD              MEMCP_IRQHandler
  370 000000E4 00000000        DCD              RSA_IRQHandler
  371 000000E8 00000000        DCD              SCI0_IRQHandler
  372 000000EC 00000000        DCD              SCI1_IRQHandler
  373 000000F0 00000000        DCD              BT_IRQHandler
  374 000000F4 00000000        DCD              GPIO_IRQHandler
  375 000000F8 00000000        DCD              TIMER0_IRQHandler
  376 000000FC 00000000        DCD              TIMER1_IRQHandler
  377 00000100 00000000        DCD              TIMER2_IRQHandler
  378 00000104 00000000        DCD              TIMER3_IRQHandler
  379 00000108 00000000        DCD              TIMER4_IRQHandler
  380 0000010C 00000000        DCD              TIMER5_IRQHandler
  381 00000110 00000000        DCD              TIMER6_IRQHandler
  382 00000114 00000000        DCD              TIMER7_IRQHandler
  383 00000118 00000000        DCD              TIMER8_IRQHandler
  384 0000011C 00000000        DCD              SM4_IRQHandler
  385 00000120 00000000        DCD              SEC_IRQHandler
  386 00000124 00000000        DCD              MSR_IRQHandler
  387 00000128 00000000        DCD              TRNG_IRQHandler
  388 0000012C 00000000        DCD              WDT_IRQHandler
  389 00000130                 END
              00000000 
              00000000 
Command Line: --debug --xref --diag_suppress=9931 --cpu=Cortex-M0 --apcs=interw



ARM Macro Assembler    Page 8 


ork --depend=.\objects\flash_start.d -o.\objects\flash_start.o -IC:\Users\21411
\AppData\Local\Arm\Packs\ARM\CMSIS\5.9.0\Device\ARM\ARMCM0\Include -IC:\Keil_v5
\ARM\CMSIS\Include --predefine="__MICROLIB SETA 1" --predefine="__UVISION_VERSI
ON SETA 531" --predefine="ARMCM0 SETA 1" --list=.\listings\flash_start.lst ..\.
.\hardware\Librarier\startup\flash_start.s



ARM Macro Assembler    Page 1 Alphabetic symbol ordering
Relocatable symbols

.flash_start 00000000

Symbol: .flash_start
   Definitions
      At line 1 in file ..\..\hardware\Librarier\startup\flash_start.s
   Uses
      None
Comment: .flash_start unused
BT_IRQHandler 000000C2

Symbol: BT_IRQHandler
   Definitions
      At line 340 in file ..\..\hardware\Librarier\startup\flash_start.s
   Uses
      At line 311 in file ..\..\hardware\Librarier\startup\flash_start.s
      At line 373 in file ..\..\hardware\Librarier\startup\flash_start.s

Default_Handler 000000C2

Symbol: Default_Handler
   Definitions
      At line 298 in file ..\..\hardware\Librarier\startup\flash_start.s
   Uses
      None
Comment: Default_Handler unused
EXTI0_IRQHandler 000000B6

Symbol: EXTI0_IRQHandler
   Definitions
      At line 268 in file ..\..\hardware\Librarier\startup\flash_start.s
   Uses
      At line 269 in file ..\..\hardware\Librarier\startup\flash_start.s
Comment: EXTI0_IRQHandler used once
EXTI1_IRQHandler 000000B8

Symbol: EXTI1_IRQHandler
   Definitions
      At line 273 in file ..\..\hardware\Librarier\startup\flash_start.s
   Uses
      At line 274 in file ..\..\hardware\Librarier\startup\flash_start.s
Comment: EXTI1_IRQHandler used once
EXTI2_IRQHandler 000000BA

Symbol: EXTI2_IRQHandler
   Definitions
      At line 278 in file ..\..\hardware\Librarier\startup\flash_start.s
   Uses
      At line 279 in file ..\..\hardware\Librarier\startup\flash_start.s
Comment: EXTI2_IRQHandler used once
EXTI3_IRQHandler 000000BC

Symbol: EXTI3_IRQHandler
   Definitions
      At line 283 in file ..\..\hardware\Librarier\startup\flash_start.s
   Uses
      At line 284 in file ..\..\hardware\Librarier\startup\flash_start.s
Comment: EXTI3_IRQHandler used once
EXTI4_IRQHandler 000000BE




ARM Macro Assembler    Page 2 Alphabetic symbol ordering
Relocatable symbols

Symbol: EXTI4_IRQHandler
   Definitions
      At line 288 in file ..\..\hardware\Librarier\startup\flash_start.s
   Uses
      At line 289 in file ..\..\hardware\Librarier\startup\flash_start.s
Comment: EXTI4_IRQHandler used once
EXTI5_IRQHandler 000000C0

Symbol: EXTI5_IRQHandler
   Definitions
      At line 293 in file ..\..\hardware\Librarier\startup\flash_start.s
   Uses
      At line 294 in file ..\..\hardware\Librarier\startup\flash_start.s
Comment: EXTI5_IRQHandler used once
GPIO_IRQHandler 000000C2

Symbol: GPIO_IRQHandler
   Definitions
      At line 341 in file ..\..\hardware\Librarier\startup\flash_start.s
   Uses
      At line 312 in file ..\..\hardware\Librarier\startup\flash_start.s
      At line 374 in file ..\..\hardware\Librarier\startup\flash_start.s

HARD_FAULT_IRQHandler 000000AE

Symbol: HARD_FAULT_IRQHandler
   Definitions
      At line 248 in file ..\..\hardware\Librarier\startup\flash_start.s
   Uses
      At line 13 in file ..\..\hardware\Librarier\startup\flash_start.s
      At line 249 in file ..\..\hardware\Librarier\startup\flash_start.s

IIC_IRQHandler 000000C2

Symbol: IIC_IRQHandler
   Definitions
      At line 330 in file ..\..\hardware\Librarier\startup\flash_start.s
   Uses
      At line 301 in file ..\..\hardware\Librarier\startup\flash_start.s
      At line 363 in file ..\..\hardware\Librarier\startup\flash_start.s

MEMCP_IRQHandler 000000C2

Symbol: MEMCP_IRQHandler
   Definitions
      At line 336 in file ..\..\hardware\Librarier\startup\flash_start.s
   Uses
      At line 307 in file ..\..\hardware\Librarier\startup\flash_start.s
      At line 369 in file ..\..\hardware\Librarier\startup\flash_start.s

MSR_IRQHandler 000000C2

Symbol: MSR_IRQHandler
   Definitions
      At line 353 in file ..\..\hardware\Librarier\startup\flash_start.s
   Uses
      At line 324 in file ..\..\hardware\Librarier\startup\flash_start.s
      At line 386 in file ..\..\hardware\Librarier\startup\flash_start.s




ARM Macro Assembler    Page 3 Alphabetic symbol ordering
Relocatable symbols

NMI_IRQHandler 000000AC

Symbol: NMI_IRQHandler
   Definitions
      At line 243 in file ..\..\hardware\Librarier\startup\flash_start.s
   Uses
      At line 244 in file ..\..\hardware\Librarier\startup\flash_start.s
Comment: NMI_IRQHandler used once
PENDSV_IRQHandler 000000B2

Symbol: PENDSV_IRQHandler
   Definitions
      At line 258 in file ..\..\hardware\Librarier\startup\flash_start.s
   Uses
      At line 25 in file ..\..\hardware\Librarier\startup\flash_start.s
      At line 259 in file ..\..\hardware\Librarier\startup\flash_start.s

QSPI_IRQHandler 000000C2

Symbol: QSPI_IRQHandler
   Definitions
      At line 331 in file ..\..\hardware\Librarier\startup\flash_start.s
   Uses
      At line 302 in file ..\..\hardware\Librarier\startup\flash_start.s
      At line 364 in file ..\..\hardware\Librarier\startup\flash_start.s

RSA_IRQHandler 000000C2

Symbol: RSA_IRQHandler
   Definitions
      At line 337 in file ..\..\hardware\Librarier\startup\flash_start.s
   Uses
      At line 308 in file ..\..\hardware\Librarier\startup\flash_start.s
      At line 370 in file ..\..\hardware\Librarier\startup\flash_start.s

Reset_Handler 00000000

Symbol: Reset_Handler
   Definitions
      At line 3 in file ..\..\hardware\Librarier\startup\flash_start.s
   Uses
      At line 4 in file ..\..\hardware\Librarier\startup\flash_start.s
Comment: Reset_Handler used once
SCI0_IRQHandler 000000C2

Symbol: SCI0_IRQHandler
   Definitions
      At line 338 in file ..\..\hardware\Librarier\startup\flash_start.s
   Uses
      At line 309 in file ..\..\hardware\Librarier\startup\flash_start.s
      At line 371 in file ..\..\hardware\Librarier\startup\flash_start.s

SCI1_IRQHandler 000000C2

Symbol: SCI1_IRQHandler
   Definitions
      At line 339 in file ..\..\hardware\Librarier\startup\flash_start.s
   Uses
      At line 310 in file ..\..\hardware\Librarier\startup\flash_start.s



ARM Macro Assembler    Page 4 Alphabetic symbol ordering
Relocatable symbols

      At line 372 in file ..\..\hardware\Librarier\startup\flash_start.s

SEC_IRQHandler 000000C2

Symbol: SEC_IRQHandler
   Definitions
      At line 352 in file ..\..\hardware\Librarier\startup\flash_start.s
   Uses
      At line 323 in file ..\..\hardware\Librarier\startup\flash_start.s
      At line 385 in file ..\..\hardware\Librarier\startup\flash_start.s

SM4_IRQHandler 000000C2

Symbol: SM4_IRQHandler
   Definitions
      At line 351 in file ..\..\hardware\Librarier\startup\flash_start.s
   Uses
      At line 322 in file ..\..\hardware\Librarier\startup\flash_start.s
      At line 384 in file ..\..\hardware\Librarier\startup\flash_start.s

SPI0_IRQHandler 000000C2

Symbol: SPI0_IRQHandler
   Definitions
      At line 332 in file ..\..\hardware\Librarier\startup\flash_start.s
   Uses
      At line 303 in file ..\..\hardware\Librarier\startup\flash_start.s
      At line 365 in file ..\..\hardware\Librarier\startup\flash_start.s

SPI1_IRQHandler 000000C2

Symbol: SPI1_IRQHandler
   Definitions
      At line 333 in file ..\..\hardware\Librarier\startup\flash_start.s
   Uses
      At line 304 in file ..\..\hardware\Librarier\startup\flash_start.s
      At line 366 in file ..\..\hardware\Librarier\startup\flash_start.s

SVC_IRQHandler 000000B0

Symbol: SVC_IRQHandler
   Definitions
      At line 253 in file ..\..\hardware\Librarier\startup\flash_start.s
   Uses
      At line 19 in file ..\..\hardware\Librarier\startup\flash_start.s
      At line 254 in file ..\..\hardware\Librarier\startup\flash_start.s

SYSTICK_IRQHandler 000000B4

Symbol: SYSTICK_IRQHandler
   Definitions
      At line 263 in file ..\..\hardware\Librarier\startup\flash_start.s
   Uses
      At line 31 in file ..\..\hardware\Librarier\startup\flash_start.s
      At line 264 in file ..\..\hardware\Librarier\startup\flash_start.s

TIMER0_IRQHandler 000000C2

Symbol: TIMER0_IRQHandler



ARM Macro Assembler    Page 5 Alphabetic symbol ordering
Relocatable symbols

   Definitions
      At line 342 in file ..\..\hardware\Librarier\startup\flash_start.s
   Uses
      At line 313 in file ..\..\hardware\Librarier\startup\flash_start.s
      At line 375 in file ..\..\hardware\Librarier\startup\flash_start.s

TIMER1_IRQHandler 000000C2

Symbol: TIMER1_IRQHandler
   Definitions
      At line 343 in file ..\..\hardware\Librarier\startup\flash_start.s
   Uses
      At line 314 in file ..\..\hardware\Librarier\startup\flash_start.s
      At line 376 in file ..\..\hardware\Librarier\startup\flash_start.s

TIMER2_IRQHandler 000000C2

Symbol: TIMER2_IRQHandler
   Definitions
      At line 344 in file ..\..\hardware\Librarier\startup\flash_start.s
   Uses
      At line 315 in file ..\..\hardware\Librarier\startup\flash_start.s
      At line 377 in file ..\..\hardware\Librarier\startup\flash_start.s

TIMER3_IRQHandler 000000C2

Symbol: TIMER3_IRQHandler
   Definitions
      At line 345 in file ..\..\hardware\Librarier\startup\flash_start.s
   Uses
      At line 316 in file ..\..\hardware\Librarier\startup\flash_start.s
      At line 378 in file ..\..\hardware\Librarier\startup\flash_start.s

TIMER4_IRQHandler 000000C2

Symbol: TIMER4_IRQHandler
   Definitions
      At line 346 in file ..\..\hardware\Librarier\startup\flash_start.s
   Uses
      At line 317 in file ..\..\hardware\Librarier\startup\flash_start.s
      At line 379 in file ..\..\hardware\Librarier\startup\flash_start.s

TIMER5_IRQHandler 000000C2

Symbol: TIMER5_IRQHandler
   Definitions
      At line 347 in file ..\..\hardware\Librarier\startup\flash_start.s
   Uses
      At line 318 in file ..\..\hardware\Librarier\startup\flash_start.s
      At line 380 in file ..\..\hardware\Librarier\startup\flash_start.s

TIMER6_IRQHandler 000000C2

Symbol: TIMER6_IRQHandler
   Definitions
      At line 348 in file ..\..\hardware\Librarier\startup\flash_start.s
   Uses
      At line 319 in file ..\..\hardware\Librarier\startup\flash_start.s
      At line 381 in file ..\..\hardware\Librarier\startup\flash_start.s



ARM Macro Assembler    Page 6 Alphabetic symbol ordering
Relocatable symbols


TIMER7_IRQHandler 000000C2

Symbol: TIMER7_IRQHandler
   Definitions
      At line 349 in file ..\..\hardware\Librarier\startup\flash_start.s
   Uses
      At line 320 in file ..\..\hardware\Librarier\startup\flash_start.s
      At line 382 in file ..\..\hardware\Librarier\startup\flash_start.s

TIMER8_IRQHandler 000000C2

Symbol: TIMER8_IRQHandler
   Definitions
      At line 350 in file ..\..\hardware\Librarier\startup\flash_start.s
   Uses
      At line 321 in file ..\..\hardware\Librarier\startup\flash_start.s
      At line 383 in file ..\..\hardware\Librarier\startup\flash_start.s

TRNG_IRQHandler 000000C2

Symbol: TRNG_IRQHandler
   Definitions
      At line 354 in file ..\..\hardware\Librarier\startup\flash_start.s
   Uses
      At line 325 in file ..\..\hardware\Librarier\startup\flash_start.s
      At line 387 in file ..\..\hardware\Librarier\startup\flash_start.s

UART0_IRQHandler 000000C2

Symbol: UART0_IRQHandler
   Definitions
      At line 334 in file ..\..\hardware\Librarier\startup\flash_start.s
   Uses
      At line 305 in file ..\..\hardware\Librarier\startup\flash_start.s
      At line 367 in file ..\..\hardware\Librarier\startup\flash_start.s

UART1_IRQHandler 000000C2

Symbol: UART1_IRQHandler
   Definitions
      At line 335 in file ..\..\hardware\Librarier\startup\flash_start.s
   Uses
      At line 306 in file ..\..\hardware\Librarier\startup\flash_start.s
      At line 368 in file ..\..\hardware\Librarier\startup\flash_start.s

USB_IRQHandler 000000C2

Symbol: USB_IRQHandler
   Definitions
      At line 329 in file ..\..\hardware\Librarier\startup\flash_start.s
   Uses
      At line 300 in file ..\..\hardware\Librarier\startup\flash_start.s
      At line 362 in file ..\..\hardware\Librarier\startup\flash_start.s

WDT_IRQHandler 000000C2

Symbol: WDT_IRQHandler
   Definitions



ARM Macro Assembler    Page 7 Alphabetic symbol ordering
Relocatable symbols

      At line 355 in file ..\..\hardware\Librarier\startup\flash_start.s
   Uses
      At line 326 in file ..\..\hardware\Librarier\startup\flash_start.s
      At line 388 in file ..\..\hardware\Librarier\startup\flash_start.s

hard_fault_handler 00000004

Symbol: hard_fault_handler
   Definitions
      At line 11 in file ..\..\hardware\Librarier\startup\flash_start.s
   Uses
      At line 12 in file ..\..\hardware\Librarier\startup\flash_start.s
Comment: hard_fault_handler used once
irq0 0000001C

Symbol: irq0
   Definitions
      At line 35 in file ..\..\hardware\Librarier\startup\flash_start.s
   Uses
      At line 36 in file ..\..\hardware\Librarier\startup\flash_start.s
Comment: irq0 used once
irq1 00000020

Symbol: irq1
   Definitions
      At line 41 in file ..\..\hardware\Librarier\startup\flash_start.s
   Uses
      At line 42 in file ..\..\hardware\Librarier\startup\flash_start.s
Comment: irq1 used once
irq10 00000044

Symbol: irq10
   Definitions
      At line 95 in file ..\..\hardware\Librarier\startup\flash_start.s
   Uses
      At line 96 in file ..\..\hardware\Librarier\startup\flash_start.s
Comment: irq10 used once
irq11 00000048

Symbol: irq11
   Definitions
      At line 101 in file ..\..\hardware\Librarier\startup\flash_start.s
   Uses
      At line 102 in file ..\..\hardware\Librarier\startup\flash_start.s
Comment: irq11 used once
irq12 0000004C

Symbol: irq12
   Definitions
      At line 107 in file ..\..\hardware\Librarier\startup\flash_start.s
   Uses
      At line 108 in file ..\..\hardware\Librarier\startup\flash_start.s
Comment: irq12 used once
irq13 00000050

Symbol: irq13
   Definitions
      At line 113 in file ..\..\hardware\Librarier\startup\flash_start.s
   Uses



ARM Macro Assembler    Page 8 Alphabetic symbol ordering
Relocatable symbols

      At line 114 in file ..\..\hardware\Librarier\startup\flash_start.s
Comment: irq13 used once
irq14 00000054

Symbol: irq14
   Definitions
      At line 119 in file ..\..\hardware\Librarier\startup\flash_start.s
   Uses
      At line 120 in file ..\..\hardware\Librarier\startup\flash_start.s
Comment: irq14 used once
irq15 00000058

Symbol: irq15
   Definitions
      At line 125 in file ..\..\hardware\Librarier\startup\flash_start.s
   Uses
      At line 126 in file ..\..\hardware\Librarier\startup\flash_start.s
Comment: irq15 used once
irq16 0000005C

Symbol: irq16
   Definitions
      At line 131 in file ..\..\hardware\Librarier\startup\flash_start.s
   Uses
      At line 132 in file ..\..\hardware\Librarier\startup\flash_start.s
Comment: irq16 used once
irq17 00000060

Symbol: irq17
   Definitions
      At line 137 in file ..\..\hardware\Librarier\startup\flash_start.s
   Uses
      At line 138 in file ..\..\hardware\Librarier\startup\flash_start.s
Comment: irq17 used once
irq18 00000064

Symbol: irq18
   Definitions
      At line 143 in file ..\..\hardware\Librarier\startup\flash_start.s
   Uses
      At line 144 in file ..\..\hardware\Librarier\startup\flash_start.s
Comment: irq18 used once
irq19 00000068

Symbol: irq19
   Definitions
      At line 149 in file ..\..\hardware\Librarier\startup\flash_start.s
   Uses
      At line 150 in file ..\..\hardware\Librarier\startup\flash_start.s
Comment: irq19 used once
irq2 00000024

Symbol: irq2
   Definitions
      At line 47 in file ..\..\hardware\Librarier\startup\flash_start.s
   Uses
      At line 48 in file ..\..\hardware\Librarier\startup\flash_start.s
Comment: irq2 used once
irq20 0000006C



ARM Macro Assembler    Page 9 Alphabetic symbol ordering
Relocatable symbols


Symbol: irq20
   Definitions
      At line 155 in file ..\..\hardware\Librarier\startup\flash_start.s
   Uses
      At line 156 in file ..\..\hardware\Librarier\startup\flash_start.s
Comment: irq20 used once
irq21 00000070

Symbol: irq21
   Definitions
      At line 161 in file ..\..\hardware\Librarier\startup\flash_start.s
   Uses
      At line 162 in file ..\..\hardware\Librarier\startup\flash_start.s
Comment: irq21 used once
irq22 00000074

Symbol: irq22
   Definitions
      At line 167 in file ..\..\hardware\Librarier\startup\flash_start.s
   Uses
      At line 168 in file ..\..\hardware\Librarier\startup\flash_start.s
Comment: irq22 used once
irq23 00000078

Symbol: irq23
   Definitions
      At line 173 in file ..\..\hardware\Librarier\startup\flash_start.s
   Uses
      At line 174 in file ..\..\hardware\Librarier\startup\flash_start.s
Comment: irq23 used once
irq24 0000007C

Symbol: irq24
   Definitions
      At line 179 in file ..\..\hardware\Librarier\startup\flash_start.s
   Uses
      At line 180 in file ..\..\hardware\Librarier\startup\flash_start.s
Comment: irq24 used once
irq25 00000080

Symbol: irq25
   Definitions
      At line 185 in file ..\..\hardware\Librarier\startup\flash_start.s
   Uses
      At line 186 in file ..\..\hardware\Librarier\startup\flash_start.s
Comment: irq25 used once
irq26 00000084

Symbol: irq26
   Definitions
      At line 191 in file ..\..\hardware\Librarier\startup\flash_start.s
   Uses
      At line 192 in file ..\..\hardware\Librarier\startup\flash_start.s
Comment: irq26 used once
irq27 00000088

Symbol: irq27
   Definitions



ARM Macro Assembler    Page 10 Alphabetic symbol ordering
Relocatable symbols

      At line 197 in file ..\..\hardware\Librarier\startup\flash_start.s
   Uses
      At line 198 in file ..\..\hardware\Librarier\startup\flash_start.s
Comment: irq27 used once
irq28 0000008C

Symbol: irq28
   Definitions
      At line 203 in file ..\..\hardware\Librarier\startup\flash_start.s
   Uses
      At line 204 in file ..\..\hardware\Librarier\startup\flash_start.s
Comment: irq28 used once
irq29 00000090

Symbol: irq29
   Definitions
      At line 209 in file ..\..\hardware\Librarier\startup\flash_start.s
   Uses
      At line 210 in file ..\..\hardware\Librarier\startup\flash_start.s
Comment: irq29 used once
irq3 00000028

Symbol: irq3
   Definitions
      At line 53 in file ..\..\hardware\Librarier\startup\flash_start.s
   Uses
      At line 54 in file ..\..\hardware\Librarier\startup\flash_start.s
Comment: irq3 used once
irq30 00000094

Symbol: irq30
   Definitions
      At line 215 in file ..\..\hardware\Librarier\startup\flash_start.s
   Uses
      At line 216 in file ..\..\hardware\Librarier\startup\flash_start.s
Comment: irq30 used once
irq31 00000098

Symbol: irq31
   Definitions
      At line 221 in file ..\..\hardware\Librarier\startup\flash_start.s
   Uses
      At line 222 in file ..\..\hardware\Librarier\startup\flash_start.s
Comment: irq31 used once
irq4 0000002C

Symbol: irq4
   Definitions
      At line 59 in file ..\..\hardware\Librarier\startup\flash_start.s
   Uses
      At line 60 in file ..\..\hardware\Librarier\startup\flash_start.s
Comment: irq4 used once
irq5 00000030

Symbol: irq5
   Definitions
      At line 65 in file ..\..\hardware\Librarier\startup\flash_start.s
   Uses
      At line 66 in file ..\..\hardware\Librarier\startup\flash_start.s



ARM Macro Assembler    Page 11 Alphabetic symbol ordering
Relocatable symbols

Comment: irq5 used once
irq6 00000034

Symbol: irq6
   Definitions
      At line 71 in file ..\..\hardware\Librarier\startup\flash_start.s
   Uses
      At line 72 in file ..\..\hardware\Librarier\startup\flash_start.s
Comment: irq6 used once
irq7 00000038

Symbol: irq7
   Definitions
      At line 77 in file ..\..\hardware\Librarier\startup\flash_start.s
   Uses
      At line 78 in file ..\..\hardware\Librarier\startup\flash_start.s
Comment: irq7 used once
irq8 0000003C

Symbol: irq8
   Definitions
      At line 83 in file ..\..\hardware\Librarier\startup\flash_start.s
   Uses
      At line 84 in file ..\..\hardware\Librarier\startup\flash_start.s
Comment: irq8 used once
irq9 00000040

Symbol: irq9
   Definitions
      At line 89 in file ..\..\hardware\Librarier\startup\flash_start.s
   Uses
      At line 90 in file ..\..\hardware\Librarier\startup\flash_start.s
Comment: irq9 used once
isr 0000009C

Symbol: isr
   Definitions
      At line 228 in file ..\..\hardware\Librarier\startup\flash_start.s
   Uses
      At line 38 in file ..\..\hardware\Librarier\startup\flash_start.s
      At line 44 in file ..\..\hardware\Librarier\startup\flash_start.s
      At line 50 in file ..\..\hardware\Librarier\startup\flash_start.s
      At line 56 in file ..\..\hardware\Librarier\startup\flash_start.s
      At line 62 in file ..\..\hardware\Librarier\startup\flash_start.s
      At line 68 in file ..\..\hardware\Librarier\startup\flash_start.s
      At line 74 in file ..\..\hardware\Librarier\startup\flash_start.s
      At line 80 in file ..\..\hardware\Librarier\startup\flash_start.s
      At line 86 in file ..\..\hardware\Librarier\startup\flash_start.s
      At line 92 in file ..\..\hardware\Librarier\startup\flash_start.s
      At line 98 in file ..\..\hardware\Librarier\startup\flash_start.s
      At line 104 in file ..\..\hardware\Librarier\startup\flash_start.s
      At line 110 in file ..\..\hardware\Librarier\startup\flash_start.s
      At line 116 in file ..\..\hardware\Librarier\startup\flash_start.s
      At line 122 in file ..\..\hardware\Librarier\startup\flash_start.s
      At line 128 in file ..\..\hardware\Librarier\startup\flash_start.s
      At line 134 in file ..\..\hardware\Librarier\startup\flash_start.s
      At line 140 in file ..\..\hardware\Librarier\startup\flash_start.s
      At line 146 in file ..\..\hardware\Librarier\startup\flash_start.s
      At line 152 in file ..\..\hardware\Librarier\startup\flash_start.s



ARM Macro Assembler    Page 12 Alphabetic symbol ordering
Relocatable symbols

      At line 158 in file ..\..\hardware\Librarier\startup\flash_start.s
      At line 164 in file ..\..\hardware\Librarier\startup\flash_start.s
      At line 170 in file ..\..\hardware\Librarier\startup\flash_start.s
      At line 176 in file ..\..\hardware\Librarier\startup\flash_start.s
      At line 182 in file ..\..\hardware\Librarier\startup\flash_start.s
      At line 188 in file ..\..\hardware\Librarier\startup\flash_start.s
      At line 194 in file ..\..\hardware\Librarier\startup\flash_start.s
      At line 200 in file ..\..\hardware\Librarier\startup\flash_start.s
      At line 206 in file ..\..\hardware\Librarier\startup\flash_start.s
      At line 212 in file ..\..\hardware\Librarier\startup\flash_start.s
      At line 218 in file ..\..\hardware\Librarier\startup\flash_start.s
      At line 224 in file ..\..\hardware\Librarier\startup\flash_start.s

isr_ret 000000A2

Symbol: isr_ret
   Definitions
      At line 234 in file ..\..\hardware\Librarier\startup\flash_start.s
   Uses
      At line 14 in file ..\..\hardware\Librarier\startup\flash_start.s
      At line 20 in file ..\..\hardware\Librarier\startup\flash_start.s
      At line 26 in file ..\..\hardware\Librarier\startup\flash_start.s
      At line 32 in file ..\..\hardware\Librarier\startup\flash_start.s

isr_table 000000C4

Symbol: isr_table
   Definitions
      At line 362 in file ..\..\hardware\Librarier\startup\flash_start.s
   Uses
      At line 229 in file ..\..\hardware\Librarier\startup\flash_start.s
      At line 361 in file ..\..\hardware\Librarier\startup\flash_start.s

pendsv_handler 00000010

Symbol: pendsv_handler
   Definitions
      At line 23 in file ..\..\hardware\Librarier\startup\flash_start.s
   Uses
      At line 24 in file ..\..\hardware\Librarier\startup\flash_start.s
Comment: pendsv_handler used once
svc_handler 0000000A

Symbol: svc_handler
   Definitions
      At line 17 in file ..\..\hardware\Librarier\startup\flash_start.s
   Uses
      At line 18 in file ..\..\hardware\Librarier\startup\flash_start.s
Comment: svc_handler used once
systick 00000016

Symbol: systick
   Definitions
      At line 29 in file ..\..\hardware\Librarier\startup\flash_start.s
   Uses
      At line 30 in file ..\..\hardware\Librarier\startup\flash_start.s
Comment: systick used once
80 symbols



ARM Macro Assembler    Page 1 Alphabetic symbol ordering
External symbols

__main 00000000

Symbol: __main
   Definitions
      At line 5 in file ..\..\hardware\Librarier\startup\flash_start.s
   Uses
      At line 6 in file ..\..\hardware\Librarier\startup\flash_start.s
Comment: __main used once
1 symbol
416 symbols in table
