


ARM Macro Assembler    Page 1 


    1 00000000 00010000 
                       Stack_Size
                               EQU              0x0010000
    2 00000000         
    3 00000000                 AREA             STACK, NOINIT, READWRITE, ALIGN
=4
    4 00000000         Stack_Mem
                               SPACE            Stack_Size
    5 00010000 00030000 
                       __initial_sp
                               EQU              0x30000
    6 00010000         
    7 00010000         
    8 00010000         ; <h> Heap Configuration
    9 00010000         ;   <o>  Heap Size (in Bytes) <0x0-0xFFFFFFFF:8>
   10 00010000         ; </h>
   11 00010000         
   12 00010000 00000000 
                       Heap_Size
                               EQU              0x00000000
   13 00010000                 AREA             HEAP, NOINIT, READWRITE, ALIGN=
4
   14 00000000         __heap_base
   15 00000000         Heap_Mem
                               SPACE            Heap_Size
   16 00000000         __heap_limit
   17 00000000         
   18 00000000         
   19 00000000                 PRESERVE8
   20 00000000                 THUMB
   21 00000000         
   22 00000000         
   23 00000000         ; Vector Table Mapped to Address 0 at Reset
   24 00000000         
   25 00000000                 AREA             RESET, DATA, READONLY
   26 00000000                 IMPORT           systick
   27 00000000                 IMPORT           irq0
   28 00000000                 IMPORT           irq1
   29 00000000                 IMPORT           irq2
   30 00000000                 IMPORT           irq3
   31 00000000                 IMPORT           irq4
   32 00000000                 IMPORT           irq5
   33 00000000                 IMPORT           irq6
   34 00000000                 IMPORT           irq7
   35 00000000                 IMPORT           irq8
   36 00000000                 IMPORT           irq9
   37 00000000                 IMPORT           irq10
   38 00000000                 IMPORT           irq11
   39 00000000                 IMPORT           irq12
   40 00000000                 IMPORT           irq13
   41 00000000                 IMPORT           irq14
   42 00000000                 IMPORT           irq15
   43 00000000                 IMPORT           irq16
   44 00000000                 IMPORT           irq17
   45 00000000                 IMPORT           irq18
   46 00000000                 IMPORT           irq19
   47 00000000                 IMPORT           irq20
   48 00000000                 IMPORT           irq21
   49 00000000                 IMPORT           irq22



ARM Macro Assembler    Page 2 


   50 00000000                 IMPORT           irq23
   51 00000000                 IMPORT           irq24
   52 00000000                 IMPORT           irq25
   53 00000000                 IMPORT           irq26
   54 00000000                 IMPORT           irq27
   55 00000000                 IMPORT           irq28
   56 00000000                 IMPORT           irq29
   57 00000000                 IMPORT           irq30
   58 00000000                 IMPORT           irq31
   59 00000000                 IMPORT           hard_fault_handler
   60 00000000         
   61 00000000                 EXPORT           __Vectors
   62 00000000                 EXPORT           __Vectors_End
   63 00000000                 EXPORT           __Vectors_Size
   64 00000000 00030000 
                       __Vectors
                               DCD              __initial_sp ; Top of Stack
   65 00000004 00000000        DCD              reset_handler ; Reset Handler
   66 00000008 00000000        DCD              nmi_handler ; NMI Handler
   67 0000000C 00000000        DCD              hard_fault_handler ; Hard Fault
                                                             Handler     
   68 00000010 00000000        DCD              0           ; 
   69 00000014 00000000        DCD              0           ;
   70 00000018 00000000        DCD              0           ;
   71 0000001C 00000000        DCD              0           ;
   72 00000020 00000000        DCD              0           ;
   73 00000024 00000000        DCD              0           ;
   74 00000028 00000000        DCD              0           ;
   75 0000002C 00000000        DCD              0           ;
   76 00000030 00000000        DCD              0           ;
   77 00000034 00000000        DCD              0           ;
   78 00000038 00000000        DCD              0           ;
   79 0000003C 00000000        DCD              systick     ; 
   80 00000040 00000000        DCD              irq0        ;
   81 00000044 00000000        DCD              irq1        ;
   82 00000048 00000000        DCD              irq2        ;
   83 0000004C 00000000        DCD              irq3        ;
   84 00000050 00000000        DCD              irq4        ;
   85 00000054 00000000        DCD              irq5        ;
   86 00000058 00000000        DCD              irq6        ;
   87 0000005C 00000000        DCD              irq7        ;
   88 00000060 00000000        DCD              irq8        ;
   89 00000064 00000000        DCD              irq9        ;
   90 00000068 00000000        DCD              irq10       ;
   91 0000006C 00000000        DCD              irq11       ;
   92 00000070 00000000        DCD              irq12       ;
   93 00000074 00000000        DCD              irq13       ;
   94 00000078 00000000        DCD              irq14       ;
   95 0000007C 00000000        DCD              irq15       ;
   96 00000080 00000000        DCD              irq16       ;
   97 00000084 00000000        DCD              irq17       ;
   98 00000088 00000000        DCD              irq18       ;
   99 0000008C 00000000        DCD              irq19       ;
  100 00000090 00000000        DCD              irq20       ;
  101 00000094 00000000        DCD              irq21       ;
  102 00000098 00000000        DCD              irq22       ;
  103 0000009C 00000000        DCD              irq23       ;
  104 000000A0 00000000        DCD              irq24       ;
  105 000000A4 00000000        DCD              irq25       ;



ARM Macro Assembler    Page 3 


  106 000000A8 00000000        DCD              irq26       ;
  107 000000AC 00000000        DCD              irq27       ;
  108 000000B0 00000000        DCD              irq28       ;
  109 000000B4 00000000        DCD              irq29       ;
  110 000000B8 00000000        DCD              irq30       ;
  111 000000BC 00000000        DCD              irq31       ;
  112 000000C0         __Vectors_End
  113 000000C0         
  114 000000C0 000000C0 
                       __Vectors_Size
                               EQU              __Vectors_End - __Vectors
  115 000000C0         
  116 000000C0                 AREA             |.text|, CODE, READONLY ,ALIGN=
4
  117 00000000         
  118 00000000         
  119 00000000         
  120 00000000         ; Reset Handler
  121 00000000         
  122 00000000         reset_handler
                               PROC
  123 00000000                 EXPORT           reset_handler             [WEAK
]
  124 00000000                 IMPORT           Reset_Handler
  125 00000000         ;    bl  Reset_Handler
  126 00000000         ;    movs r0,#0x3
  127 00000000         
  128 00000000 4803            LDR              R0, =Reset_Handler
  129 00000002 4700            BX               R0
  130 00000004 BF00            nop
  131 00000006                 ENDP
  132 00000006         
  133 00000006         
  134 00000006         
  135 00000006         delay   PROC
  136 00000006                 EXPORT           delay
  137 00000006 3801            subs             r0,#1
  138 00000008 D1FE            bne              delay
  139 0000000A BF00            nop
  140 0000000C 4770            bx               lr
  141 0000000E                 ENDP
  142 0000000E         
  143 0000000E         nmi_handler
                               PROC
  144 0000000E                 EXPORT           nmi_handler             [WEAK]
  145 0000000E E7FE            b                nmi_handler
  146 00000010                 ENDP
  147 00000010         
  148 00000010                 ALIGN
  149 00000010         
  150 00000010         
  151 00000010         ; User Initial Stack & Heap
  152 00000010         
  153 00000010                 IF               :DEF:__MICROLIB
  154 00000010                 EXPORT           __initial_sp
  155 00000010                 EXPORT           __heap_base
  156 00000010                 EXPORT           __heap_limit
  157 00000010         
  158 00000010                 ELSE



ARM Macro Assembler    Page 4 


  173                          ENDIF
  174 00000010         
  175 00000010                 END
              00000000 
Command Line: --debug --xref --diag_suppress=9931 --cpu=Cortex-M0 --apcs=interw
ork --depend=.\objects\startup.d -o.\objects\startup.o -IC:\Users\Admini\AppDat
a\Local\Arm\Packs\ARM\CMSIS\5.7.0\Device\ARM\ARMCM0\Include -IC:\Keil_v5\ARM\CM
SIS\Include --predefine="__MICROLIB SETA 1" --predefine="__UVISION_VERSION SETA
 531" --predefine="ARMCM0 SETA 1" --list=.\listings\startup.lst ..\..\hardware\
Librarier\startup\startup.s



ARM Macro Assembler    Page 1 Alphabetic symbol ordering
Relocatable symbols

STACK 00000000

Symbol: STACK
   Definitions
      At line 3 in file ..\..\hardware\Librarier\startup\startup.s
   Uses
      None
Comment: STACK unused
Stack_Mem 00000000

Symbol: Stack_Mem
   Definitions
      At line 4 in file ..\..\hardware\Librarier\startup\startup.s
   Uses
      None
Comment: Stack_Mem unused
2 symbols



ARM Macro Assembler    Page 1 Alphabetic symbol ordering
Relocatable symbols

HEAP 00000000

Symbol: HEAP
   Definitions
      At line 13 in file ..\..\hardware\Librarier\startup\startup.s
   Uses
      None
Comment: HEAP unused
Heap_Mem 00000000

Symbol: Heap_Mem
   Definitions
      At line 15 in file ..\..\hardware\Librarier\startup\startup.s
   Uses
      None
Comment: Heap_Mem unused
__heap_base 00000000

Symbol: __heap_base
   Definitions
      At line 14 in file ..\..\hardware\Librarier\startup\startup.s
   Uses
      At line 155 in file ..\..\hardware\Librarier\startup\startup.s
Comment: __heap_base used once
__heap_limit 00000000

Symbol: __heap_limit
   Definitions
      At line 16 in file ..\..\hardware\Librarier\startup\startup.s
   Uses
      At line 156 in file ..\..\hardware\Librarier\startup\startup.s
Comment: __heap_limit used once
4 symbols



ARM Macro Assembler    Page 1 Alphabetic symbol ordering
Relocatable symbols

RESET 00000000

Symbol: RESET
   Definitions
      At line 25 in file ..\..\hardware\Librarier\startup\startup.s
   Uses
      None
Comment: RESET unused
__Vectors 00000000

Symbol: __Vectors
   Definitions
      At line 64 in file ..\..\hardware\Librarier\startup\startup.s
   Uses
      At line 61 in file ..\..\hardware\Librarier\startup\startup.s
      At line 114 in file ..\..\hardware\Librarier\startup\startup.s

__Vectors_End 000000C0

Symbol: __Vectors_End
   Definitions
      At line 112 in file ..\..\hardware\Librarier\startup\startup.s
   Uses
      At line 62 in file ..\..\hardware\Librarier\startup\startup.s
      At line 114 in file ..\..\hardware\Librarier\startup\startup.s

3 symbols



ARM Macro Assembler    Page 1 Alphabetic symbol ordering
Relocatable symbols

.text 00000000

Symbol: .text
   Definitions
      At line 116 in file ..\..\hardware\Librarier\startup\startup.s
   Uses
      None
Comment: .text unused
delay 00000006

Symbol: delay
   Definitions
      At line 135 in file ..\..\hardware\Librarier\startup\startup.s
   Uses
      At line 136 in file ..\..\hardware\Librarier\startup\startup.s
      At line 138 in file ..\..\hardware\Librarier\startup\startup.s

nmi_handler 0000000E

Symbol: nmi_handler
   Definitions
      At line 143 in file ..\..\hardware\Librarier\startup\startup.s
   Uses
      At line 66 in file ..\..\hardware\Librarier\startup\startup.s
      At line 144 in file ..\..\hardware\Librarier\startup\startup.s
      At line 145 in file ..\..\hardware\Librarier\startup\startup.s

reset_handler 00000000

Symbol: reset_handler
   Definitions
      At line 122 in file ..\..\hardware\Librarier\startup\startup.s
   Uses
      At line 65 in file ..\..\hardware\Librarier\startup\startup.s
      At line 123 in file ..\..\hardware\Librarier\startup\startup.s

4 symbols



ARM Macro Assembler    Page 1 Alphabetic symbol ordering
Absolute symbols

Heap_Size 00000000

Symbol: Heap_Size
   Definitions
      At line 12 in file ..\..\hardware\Librarier\startup\startup.s
   Uses
      At line 15 in file ..\..\hardware\Librarier\startup\startup.s
Comment: Heap_Size used once
Stack_Size 00010000

Symbol: Stack_Size
   Definitions
      At line 1 in file ..\..\hardware\Librarier\startup\startup.s
   Uses
      At line 4 in file ..\..\hardware\Librarier\startup\startup.s
Comment: Stack_Size used once
__Vectors_Size 000000C0

Symbol: __Vectors_Size
   Definitions
      At line 114 in file ..\..\hardware\Librarier\startup\startup.s
   Uses
      At line 63 in file ..\..\hardware\Librarier\startup\startup.s
Comment: __Vectors_Size used once
__initial_sp 00030000

Symbol: __initial_sp
   Definitions
      At line 5 in file ..\..\hardware\Librarier\startup\startup.s
   Uses
      At line 64 in file ..\..\hardware\Librarier\startup\startup.s
      At line 154 in file ..\..\hardware\Librarier\startup\startup.s

4 symbols



ARM Macro Assembler    Page 1 Alphabetic symbol ordering
External symbols

Reset_Handler 00000000

Symbol: Reset_Handler
   Definitions
      At line 124 in file ..\..\hardware\Librarier\startup\startup.s
   Uses
      At line 128 in file ..\..\hardware\Librarier\startup\startup.s
Comment: Reset_Handler used once
hard_fault_handler 00000000

Symbol: hard_fault_handler
   Definitions
      At line 59 in file ..\..\hardware\Librarier\startup\startup.s
   Uses
      At line 67 in file ..\..\hardware\Librarier\startup\startup.s
Comment: hard_fault_handler used once
irq0 00000000

Symbol: irq0
   Definitions
      At line 27 in file ..\..\hardware\Librarier\startup\startup.s
   Uses
      At line 80 in file ..\..\hardware\Librarier\startup\startup.s
Comment: irq0 used once
irq1 00000000

Symbol: irq1
   Definitions
      At line 28 in file ..\..\hardware\Librarier\startup\startup.s
   Uses
      At line 81 in file ..\..\hardware\Librarier\startup\startup.s
Comment: irq1 used once
irq10 00000000

Symbol: irq10
   Definitions
      At line 37 in file ..\..\hardware\Librarier\startup\startup.s
   Uses
      At line 90 in file ..\..\hardware\Librarier\startup\startup.s
Comment: irq10 used once
irq11 00000000

Symbol: irq11
   Definitions
      At line 38 in file ..\..\hardware\Librarier\startup\startup.s
   Uses
      At line 91 in file ..\..\hardware\Librarier\startup\startup.s
Comment: irq11 used once
irq12 00000000

Symbol: irq12
   Definitions
      At line 39 in file ..\..\hardware\Librarier\startup\startup.s
   Uses
      At line 92 in file ..\..\hardware\Librarier\startup\startup.s
Comment: irq12 used once
irq13 00000000

Symbol: irq13



ARM Macro Assembler    Page 2 Alphabetic symbol ordering
External symbols

   Definitions
      At line 40 in file ..\..\hardware\Librarier\startup\startup.s
   Uses
      At line 93 in file ..\..\hardware\Librarier\startup\startup.s
Comment: irq13 used once
irq14 00000000

Symbol: irq14
   Definitions
      At line 41 in file ..\..\hardware\Librarier\startup\startup.s
   Uses
      At line 94 in file ..\..\hardware\Librarier\startup\startup.s
Comment: irq14 used once
irq15 00000000

Symbol: irq15
   Definitions
      At line 42 in file ..\..\hardware\Librarier\startup\startup.s
   Uses
      At line 95 in file ..\..\hardware\Librarier\startup\startup.s
Comment: irq15 used once
irq16 00000000

Symbol: irq16
   Definitions
      At line 43 in file ..\..\hardware\Librarier\startup\startup.s
   Uses
      At line 96 in file ..\..\hardware\Librarier\startup\startup.s
Comment: irq16 used once
irq17 00000000

Symbol: irq17
   Definitions
      At line 44 in file ..\..\hardware\Librarier\startup\startup.s
   Uses
      At line 97 in file ..\..\hardware\Librarier\startup\startup.s
Comment: irq17 used once
irq18 00000000

Symbol: irq18
   Definitions
      At line 45 in file ..\..\hardware\Librarier\startup\startup.s
   Uses
      At line 98 in file ..\..\hardware\Librarier\startup\startup.s
Comment: irq18 used once
irq19 00000000

Symbol: irq19
   Definitions
      At line 46 in file ..\..\hardware\Librarier\startup\startup.s
   Uses
      At line 99 in file ..\..\hardware\Librarier\startup\startup.s
Comment: irq19 used once
irq2 00000000

Symbol: irq2
   Definitions
      At line 29 in file ..\..\hardware\Librarier\startup\startup.s
   Uses



ARM Macro Assembler    Page 3 Alphabetic symbol ordering
External symbols

      At line 82 in file ..\..\hardware\Librarier\startup\startup.s
Comment: irq2 used once
irq20 00000000

Symbol: irq20
   Definitions
      At line 47 in file ..\..\hardware\Librarier\startup\startup.s
   Uses
      At line 100 in file ..\..\hardware\Librarier\startup\startup.s
Comment: irq20 used once
irq21 00000000

Symbol: irq21
   Definitions
      At line 48 in file ..\..\hardware\Librarier\startup\startup.s
   Uses
      At line 101 in file ..\..\hardware\Librarier\startup\startup.s
Comment: irq21 used once
irq22 00000000

Symbol: irq22
   Definitions
      At line 49 in file ..\..\hardware\Librarier\startup\startup.s
   Uses
      At line 102 in file ..\..\hardware\Librarier\startup\startup.s
Comment: irq22 used once
irq23 00000000

Symbol: irq23
   Definitions
      At line 50 in file ..\..\hardware\Librarier\startup\startup.s
   Uses
      At line 103 in file ..\..\hardware\Librarier\startup\startup.s
Comment: irq23 used once
irq24 00000000

Symbol: irq24
   Definitions
      At line 51 in file ..\..\hardware\Librarier\startup\startup.s
   Uses
      At line 104 in file ..\..\hardware\Librarier\startup\startup.s
Comment: irq24 used once
irq25 00000000

Symbol: irq25
   Definitions
      At line 52 in file ..\..\hardware\Librarier\startup\startup.s
   Uses
      At line 105 in file ..\..\hardware\Librarier\startup\startup.s
Comment: irq25 used once
irq26 00000000

Symbol: irq26
   Definitions
      At line 53 in file ..\..\hardware\Librarier\startup\startup.s
   Uses
      At line 106 in file ..\..\hardware\Librarier\startup\startup.s
Comment: irq26 used once
irq27 00000000



ARM Macro Assembler    Page 4 Alphabetic symbol ordering
External symbols


Symbol: irq27
   Definitions
      At line 54 in file ..\..\hardware\Librarier\startup\startup.s
   Uses
      At line 107 in file ..\..\hardware\Librarier\startup\startup.s
Comment: irq27 used once
irq28 00000000

Symbol: irq28
   Definitions
      At line 55 in file ..\..\hardware\Librarier\startup\startup.s
   Uses
      At line 108 in file ..\..\hardware\Librarier\startup\startup.s
Comment: irq28 used once
irq29 00000000

Symbol: irq29
   Definitions
      At line 56 in file ..\..\hardware\Librarier\startup\startup.s
   Uses
      At line 109 in file ..\..\hardware\Librarier\startup\startup.s
Comment: irq29 used once
irq3 00000000

Symbol: irq3
   Definitions
      At line 30 in file ..\..\hardware\Librarier\startup\startup.s
   Uses
      At line 83 in file ..\..\hardware\Librarier\startup\startup.s
Comment: irq3 used once
irq30 00000000

Symbol: irq30
   Definitions
      At line 57 in file ..\..\hardware\Librarier\startup\startup.s
   Uses
      At line 110 in file ..\..\hardware\Librarier\startup\startup.s
Comment: irq30 used once
irq31 00000000

Symbol: irq31
   Definitions
      At line 58 in file ..\..\hardware\Librarier\startup\startup.s
   Uses
      At line 111 in file ..\..\hardware\Librarier\startup\startup.s
Comment: irq31 used once
irq4 00000000

Symbol: irq4
   Definitions
      At line 31 in file ..\..\hardware\Librarier\startup\startup.s
   Uses
      At line 84 in file ..\..\hardware\Librarier\startup\startup.s
Comment: irq4 used once
irq5 00000000

Symbol: irq5
   Definitions



ARM Macro Assembler    Page 5 Alphabetic symbol ordering
External symbols

      At line 32 in file ..\..\hardware\Librarier\startup\startup.s
   Uses
      At line 85 in file ..\..\hardware\Librarier\startup\startup.s
Comment: irq5 used once
irq6 00000000

Symbol: irq6
   Definitions
      At line 33 in file ..\..\hardware\Librarier\startup\startup.s
   Uses
      At line 86 in file ..\..\hardware\Librarier\startup\startup.s
Comment: irq6 used once
irq7 00000000

Symbol: irq7
   Definitions
      At line 34 in file ..\..\hardware\Librarier\startup\startup.s
   Uses
      At line 87 in file ..\..\hardware\Librarier\startup\startup.s
Comment: irq7 used once
irq8 00000000

Symbol: irq8
   Definitions
      At line 35 in file ..\..\hardware\Librarier\startup\startup.s
   Uses
      At line 88 in file ..\..\hardware\Librarier\startup\startup.s
Comment: irq8 used once
irq9 00000000

Symbol: irq9
   Definitions
      At line 36 in file ..\..\hardware\Librarier\startup\startup.s
   Uses
      At line 89 in file ..\..\hardware\Librarier\startup\startup.s
Comment: irq9 used once
systick 00000000

Symbol: systick
   Definitions
      At line 26 in file ..\..\hardware\Librarier\startup\startup.s
   Uses
      At line 79 in file ..\..\hardware\Librarier\startup\startup.s
Comment: systick used once
35 symbols
387 symbols in table
